solution : {
	objective : {
		value : 131269.06470509004,
		variance : 3.002405266614396,
		familiarity : 197,
		distance : 29766.659438475657,
	},
	vehicles : [
		{
			vehicle_id : 0,
			clusters : [
				{
					cluster_id : 0,
					center_id : 44,
					node_ids : [35, 133, 6, 167, 40, 105, 11, 44, 110, 114, 151, 184, 153, 28, 29, 93, 31, 191]
				}
			]
		}
		{
			vehicle_id : 1,
			clusters : [
				{
					cluster_id : 1,
					center_id : 66,
					node_ids : [64, 97, 161, 66, 2, 100, 198, 42, 107, 12, 55, 152, 57, 122, 59, 92, 189, 158, 62]
				}
			]
		}
		{
			vehicle_id : 2,
			clusters : [
				{
					cluster_id : 2,
					center_id : 164,
					node_ids : [131, 164, 166, 9, 171, 76, 45, 78, 111, 48, 17, 81, 178, 179, 52, 149, 121, 154, 60, 190, 159]
				}
			]
		}
		{
			vehicle_id : 3,
			clusters : [
				{
					cluster_id : 3,
					center_id : 165,
					node_ids : [33, 34, 98, 4, 165, 37, 134, 135, 136, 169, 141, 109, 142, 80, 19, 21, 118, 120, 24, 25, 90, 63]
				}
			]
		}
		{
			vehicle_id : 4,
			clusters : [
				{
					cluster_id : 4,
					center_id : 23,
					node_ids : [96, 0, 192, 193, 130, 36, 68, 72, 41, 138, 140, 108, 46, 176, 51, 117, 23, 124, 125, 127]
				}
			]
		}
		{
			vehicle_id : 5,
			clusters : [
				{
					cluster_id : 5,
					center_id : 155,
					node_ids : [65, 194, 69, 197, 38, 170, 172, 13, 143, 16, 177, 116, 22, 155, 91, 27, 126, 95]
				}
			]
		}
		{
			vehicle_id : 6,
			clusters : [
				{
					cluster_id : 6,
					center_id : 195,
					node_ids : [129, 195, 132, 5, 101, 103, 104, 8, 106, 139, 47, 175, 18, 83, 20, 182, 87, 119, 185, 58, 61, 157]
				}
			]
		}
		{
			vehicle_id : 7,
			clusters : [
				{
					cluster_id : 7,
					center_id : 79,
					node_ids : [1, 162, 163, 39, 7, 168, 73, 74, 14, 79, 15, 50, 84, 181, 86, 183, 88, 123, 187, 94, 30]
				}
			]
		}
		{
			vehicle_id : 8,
			clusters : [
				{
					cluster_id : 8,
					center_id : 156,
					node_ids : [99, 199, 71, 10, 75, 77, 174, 144, 145, 113, 146, 82, 148, 54, 150, 56, 186, 156, 188]
				}
			]
		}
		{
			vehicle_id : 9,
			clusters : [
				{
					cluster_id : 9,
					center_id : 70,
					node_ids : [32, 160, 128, 67, 3, 196, 70, 102, 137, 43, 173, 112, 49, 115, 147, 180, 53, 85, 89, 26]
				}
			]
		}
	]
}

solution objective : {
	value : 131269.06470509004,
	variance_total : 3.002405266614396,
	distance_total : 29766.659438475657,
	familiarity_total : 197,
	customer_totals : [46.55888826157287, 53.14215908412865, 51.07830862130383, 52.694718103596855, 52.93172938743893, 46.93077798244519, 48.26043389726136, 53.379076798913964, 48.02503511090517, 53.17483281772666],
	demand_totals : [138.60471449345073, 126.41337436125683, 133.53607137877063, 126.7399544459493, 132.00890217999105, 139.10521892629367, 138.79786572948174, 127.06441358288103, 135.58680010563455, 127.93534487398402]
}

solution objective : {
	value : 129124.73299065897,
	variance_total : 1.474577321984377,
	distance_total : 29650.155668674597,
	familiarity_total : 196,
	customer_totals : [48.64332694755179, 53.14215908412865, 51.07830862130383, 50.610279417617924, 52.93172938743893, 46.930777982445186, 48.26043389726136, 53.379076798913964, 48.02503511090517, 53.17483281772667],
	demand_totals : [131.42939239943664, 126.41337436125683, 133.53607137877063, 133.91527653996343, 132.00890217999105, 139.10521892629367, 138.7978657294817, 127.06441358288103, 135.58680010563455, 127.935344873984]
}

Running: 3099ms
solution objective : {
	value : 127630.63054425697,
	variance_total : 0.0880381061685469,
	distance_total : 29542.592438088417,
	familiarity_total : 196,
	customer_totals : [48.64332694755179, 53.14215908412865, 51.07830862130383, 50.610279417617924, 52.93172938743893, 48.87413985626764, 48.26043389726136, 51.435714925091524, 48.02503511090517, 53.17483281772667],
	demand_totals : [131.42939239943664, 126.41337436125683, 133.53607137877063, 133.91527653996343, 132.00890217999105, 131.8534381315094, 138.7978657294817, 134.31619437766534, 135.58680010563455, 127.935344873984]
}

Running: 3521ms
solution objective : {
	value : 126549.32815168558,
	variance_total : 0.0880381061685469,
	distance_total : 29461.29004551703,
	familiarity_total : 194,
	customer_totals : [48.74038675343433, 53.14215908412865, 51.07830862130383, 50.51321961173541, 52.93172938743893, 48.87413985626764, 48.26043389726136, 51.435714925091524, 48.02503511090517, 53.17483281772667],
	demand_totals : [132.57874709460017, 126.41337436125683, 133.53607137877063, 132.76592184479983, 132.00890217999105, 131.8534381315094, 138.7978657294817, 134.31619437766534, 135.58680010563455, 127.935344873984]
}

Running: 3442ms
solution objective : {
	value : 125953.85197781764,
	variance_total : 0.0,
	distance_total : 29453.85197781764,
	familiarity_total : 193,
	customer_totals : [48.74038675343433, 53.14215908412865, 51.07830862130383, 50.5132196117354, 52.93172938743893, 48.87413985626764, 48.26043389726136, 51.435714925091524, 48.75372712711549, 52.44614080151635],
	demand_totals : [132.57874709460017, 126.41337436125683, 133.53607137877063, 132.76592184479983, 132.00890217999105, 131.8534381315094, 138.7978657294817, 134.31619437766534, 130.86437443060828, 132.6577705490103]
}

Running: 3308ms
solution objective : {
	value : 125381.68847311805,
	variance_total : 0.0,
	distance_total : 29381.68847311805,
	familiarity_total : 192,
	customer_totals : [48.74038675343433, 53.14215908412865, 51.07830862130383, 50.169982259326986, 52.93172938743893, 48.87413985626764, 48.26043389726136, 51.77895227749993, 48.75372712711549, 52.44614080151635],
	demand_totals : [132.57874709460017, 126.41337436125683, 133.53607137877063, 129.47213057769858, 132.00890217999105, 131.8534381315094, 138.7978657294817, 137.6099856447666, 130.86437443060828, 132.6577705490103]
}

Running: 3174ms
solution objective : {
	value : 125002.09390262436,
	variance_total : 0.15717920341619873,
	distance_total : 29344.91469920816,
	familiarity_total : 191,
	customer_totals : [48.74038675343433, 53.14215908412865, 51.07830862130383, 50.169982259326986, 52.93172938743893, 47.9295370027867, 48.26043389726136, 52.72355513098087, 48.75372712711549, 52.44614080151635],
	demand_totals : [132.57874709460017, 126.41337436125683, 133.53607137877063, 129.47213057769858, 132.00890217999105, 135.34368120268408, 138.7978657294817, 134.1197425735919, 130.86437443060828, 132.6577705490103]
}

Running: 3043ms
solution objective : {
	value : 124640.41784391156,
	variance_total : 0.15717920341619873,
	distance_total : 29483.23864049537,
	familiarity_total : 190,
	customer_totals : [49.00985587002901, 53.14215908412865, 51.07830862130383, 50.169982259326986, 52.93172938743893, 47.9295370027867, 48.26043389726136, 52.45408601438619, 48.75372712711549, 52.44614080151635],
	demand_totals : [129.51108470598942, 126.41337436125683, 133.53607137877063, 129.47213057769858, 132.00890217999105, 135.34368120268408, 138.7978657294817, 137.18740496220263, 130.86437443060828, 132.6577705490103]
}

Running: 3107ms
solution objective : {
	value : 124185.74131671288,
	variance_total : 0.0,
	distance_total : 29685.741316712883,
	familiarity_total : 189,
	customer_totals : [48.14631386996149, 53.14215908412865, 51.07830862130383, 50.169982259326986, 52.93172938743893, 48.79307900285422, 48.26043389726136, 52.45408601438619, 48.75372712711549, 52.44614080151635],
	demand_totals : [130.71755136941107, 126.41337436125683, 133.53607137877063, 129.47213057769858, 132.00890217999105, 134.13721453926243, 138.7978657294817, 137.18740496220263, 130.86437443060828, 132.6577705490103]
}

Running: 3122ms
solution objective : {
	value : 123854.84814808276,
	variance_total : 0.0,
	distance_total : 29354.848148082765,
	familiarity_total : 189,
	customer_totals : [48.857585474209856, 53.14215908412865, 51.07830862130383, 50.169982259326986, 52.93172938743893, 48.79307900285422, 48.26043389726136, 52.45408601438619, 48.75372712711549, 51.73486919726799],
	demand_totals : [134.66087126973707, 126.41337436125683, 133.53607137877063, 129.47213057769858, 132.00890217999105, 134.13721453926243, 138.7978657294817, 137.18740496220263, 130.86437443060828, 128.71445064868433]
}

Running: 3120ms
solution objective : {
	value : 123575.76178725631,
	variance_total : 0.0,
	distance_total : 29575.761787256313,
	familiarity_total : 188,
	customer_totals : [48.857585474209856, 53.14215908412865, 51.07830862130383, 50.169982259326986, 52.93172938743893, 48.840541082861556, 48.26043389726136, 52.40662393437886, 48.75372712711549, 51.73486919726799],
	demand_totals : [134.66087126973707, 126.41337436125683, 133.53607137877063, 129.47213057769858, 132.00890217999105, 136.72823413458468, 138.7978657294817, 134.59638536688038, 130.86437443060828, 128.71445064868436]
}

Running: 3182ms
solution objective : {
	value : 123335.80057964416,
	variance_total : 0.0,
	distance_total : 29335.800579644158,
	familiarity_total : 188,
	customer_totals : [48.857585474209856, 53.14215908412865, 50.814171179775464, 50.169982259326986, 52.93172938743893, 48.840541082861556, 48.26043389726136, 52.67076137590723, 48.75372712711549, 51.73486919726799],
	demand_totals : [134.66087126973707, 126.41337436125683, 133.5508904284673, 129.47213057769858, 132.00890217999105, 136.72823413458468, 138.7978657294817, 134.58156631718373, 130.86437443060828, 128.71445064868436]
}

Running: 3418ms
solution objective : {
	value : 123059.4853564783,
	variance_total : 0.05184076736763643,
	distance_total : 29507.644589110663,
	familiarity_total : 187,
	customer_totals : [48.857585474209856, 53.14215908412865, 50.814171179775464, 50.169982259326986, 52.93172938743893, 48.840541082861556, 48.97928558554158, 52.67076137590723, 48.034875438835265, 51.73486919726799],
	demand_totals : [134.66087126973707, 126.41337436125683, 133.5508904284673, 129.47213057769858, 132.00890217999105, 136.72823413458468, 139.12643108348087, 134.58156631718373, 130.53580907660913, 128.71445064868436]
}

Running: 3413ms
solution objective : {
	value : 122803.27418430925,
	variance_total : 0.25829715917551965,
	distance_total : 29544.977025133732,
	familiarity_total : 186,
	customer_totals : [48.857585474209856, 53.14215908412865, 50.814171179775464, 51.26900803047356, 52.93172938743893, 48.840541082861556, 47.88025981439502, 52.67076137590723, 48.034875438835265, 51.73486919726799],
	demand_totals : [134.66087126973707, 126.41337436125683, 133.5508904284673, 130.231055396319, 132.00890217999105, 136.72823413458468, 138.36750626486045, 134.58156631718373, 130.53580907660913, 128.71445064868436]
}

Running: 3161ms
solution objective : {
	value : 122570.31671462617,
	variance_total : 0.20645639180788322,
	distance_total : 29363.860322818287,
	familiarity_total : 186,
	customer_totals : [48.857585474209856, 53.14215908412865, 50.814171179775464, 51.26900803047356, 52.93172938743893, 48.840541082861556, 47.88025981439502, 51.338994371648354, 49.36664244309414, 51.73486919726799],
	demand_totals : [134.66087126973707, 126.41337436125683, 133.5508904284673, 130.231055396319, 132.00890217999105, 136.72823413458468, 138.36750626486045, 131.10950949890906, 134.0078658948838, 128.71445064868436]
}

Running: 3207ms
solution objective : {
	value : 122343.50988158923,
	variance_total : 0.0,
	distance_total : 29343.509881589223,
	familiarity_total : 186,
	customer_totals : [48.857585474209856, 53.14215908412865, 50.814171179775464, 51.26900803047356, 52.93172938743893, 48.840541082861556, 48.12251744660712, 51.338994371648354, 49.36664244309414, 51.49261156505588],
	demand_totals : [134.66087126973707, 126.41337436125683, 133.5508904284673, 130.231055396319, 132.00890217999105, 136.72823413458468, 136.40575233663728, 131.10950949890906, 134.0078658948838, 130.6762045769075]
}

Running: 3555ms
solution objective : {
	value : 122057.308078061,
	variance_total : 0.0,
	distance_total : 29057.30807806101,
	familiarity_total : 186,
	customer_totals : [48.857585474209856, 53.14215908412865, 49.2349116892303, 51.26900803047356, 52.93172938743893, 48.840541082861556, 48.12251744660712, 51.338994371648354, 49.36664244309414, 53.07187105560105],
	demand_totals : [134.66087126973707, 126.41337436125683, 131.7427579233663, 130.231055396319, 132.00890217999105, 136.72823413458468, 136.40575233663728, 131.10950949890906, 134.0078658948838, 132.48433708200852]
}

Running: 3073ms
solution objective : {
	value : 121869.7386654499,
	variance_total : 0.0,
	distance_total : 28869.738665449906,
	familiarity_total : 186,
	customer_totals : [48.857585474209856, 52.59541248832112, 49.2349116892303, 51.815754626281084, 52.93172938743893, 48.840541082861556, 48.12251744660712, 51.338994371648354, 49.36664244309414, 53.07187105560105],
	demand_totals : [134.66087126973707, 130.29461858086134, 131.7427579233663, 126.34981117671448, 132.00890217999105, 136.72823413458468, 136.40575233663728, 131.10950949890906, 134.0078658948838, 132.48433708200852]
}

Running: 2890ms
solution objective : {
	value : 121707.3322520062,
	variance_total : 0.0,
	distance_total : 28707.332252006203,
	familiarity_total : 186,
	customer_totals : [48.857585474209856, 52.59541248832112, 49.2349116892303, 51.815754626281084, 52.93172938743893, 48.840541082861556, 48.12251744660712, 51.338994371648354, 49.74736649786913, 52.69114700082606],
	demand_totals : [134.66087126973707, 130.29461858086134, 131.7427579233663, 126.34981117671448, 132.00890217999105, 136.72823413458468, 136.40575233663728, 131.10950949890906, 136.5933960759427, 129.89880690094958]
}

Running: 3268ms
solution objective : {
	value : 121553.35970434533,
	variance_total : 0.0,
	distance_total : 28553.359704345337,
	familiarity_total : 186,
	customer_totals : [48.857585474209856, 52.2382088558124, 49.2349116892303, 51.815754626281084, 52.93172938743893, 48.840541082861556, 48.12251744660712, 51.338994371648354, 50.10457013037786, 52.69114700082606],
	demand_totals : [134.66087126973707, 135.14876971811762, 131.7427579233663, 126.34981117671448, 132.00890217999105, 136.72823413458468, 136.40575233663728, 131.10950949890906, 131.73924493868645, 129.89880690094958]
}

Running: 2961ms
solution objective : {
	value : 121446.69014686663,
	variance_total : 0.0,
	distance_total : 28446.690146866636,
	familiarity_total : 186,
	customer_totals : [48.857585474209856, 52.2382088558124, 49.2349116892303, 51.815754626281084, 52.93172938743893, 48.840541082861556, 48.12251744660712, 51.8661903850234, 50.10457013037786, 52.16395098745101],
	demand_totals : [134.66087126973707, 135.14876971811762, 131.7427579233663, 126.34981117671448, 132.00890217999105, 136.72823413458468, 136.40575233663728, 133.69138130944305, 131.73924493868645, 127.3169350904156]
}

Running: 2891ms
solution objective : {
	value : 121355.98620102738,
	variance_total : 0.0,
	distance_total : 28355.986201027376,
	familiarity_total : 186,
	customer_totals : [48.857585474209856, 52.2382088558124, 49.2349116892303, 51.815754626281084, 52.67610853208644, 48.840541082861556, 48.3781383019596, 51.8661903850234, 50.10457013037786, 52.16395098745101],
	demand_totals : [134.66087126973707, 135.14876971811762, 131.7427579233663, 126.34981117671448, 130.67415957902193, 136.72823413458468, 137.74049493760637, 133.69138130944305, 131.73924493868645, 127.3169350904156]
}

Running: 2948ms
solution objective : {
	value : 121279.15354761419,
	variance_total : 0.0,
	distance_total : 28279.153547614183,
	familiarity_total : 186,
	customer_totals : [48.857585474209856, 51.925964356459346, 49.547156188583344, 51.815754626281084, 52.67610853208644, 48.840541082861556, 48.3781383019596, 51.8661903850234, 50.10457013037786, 52.16395098745101],
	demand_totals : [134.66087126973707, 134.20072636687232, 132.69080127461157, 126.34981117671448, 130.67415957902193, 136.72823413458468, 137.74049493760637, 133.69138130944305, 131.73924493868645, 127.3169350904156]
}

Running: 2932ms
solution objective : {
	value : 121215.47720153321,
	variance_total : 0.0,
	distance_total : 28215.47720153321,
	familiarity_total : 186,
	customer_totals : [48.857585474209856, 51.81036876078417, 49.547156188583344, 51.93135022195626, 52.67610853208644, 48.840541082861556, 48.3781383019596, 51.8661903850234, 50.10457013037786, 52.16395098745101],
	demand_totals : [134.66087126973707, 133.05271902127478, 132.69080127461157, 127.49781852231202, 130.67415957902193, 136.72823413458468, 137.74049493760637, 133.69138130944305, 131.73924493868645, 127.3169350904156]
}

Running: 3239ms
solution objective : {
	value : 121106.3585589109,
	variance_total : 0.0,
	distance_total : 28606.358558910903,
	familiarity_total : 185,
	customer_totals : [48.857585474209856, 51.81036876078417, 49.547156188583344, 53.12817894587092, 52.67610853208644, 48.840541082861556, 48.3781383019596, 51.8661903850234, 48.907741406463195, 52.16395098745101],
	demand_totals : [134.66087126973707, 133.05271902127478, 132.69080127461157, 126.56063622650443, 130.67415957902193, 136.72823413458468, 137.74049493760637, 133.69138130944305, 132.67642723449404, 127.3169350904156]
}

Running: 2903ms
solution objective : {
	value : 121056.22906723517,
	variance_total : 0.0,
	distance_total : 28556.229067235166,
	familiarity_total : 185,
	customer_totals : [48.857585474209856, 51.81036876078417, 49.547156188583344, 53.12817894587092, 52.67610853208644, 48.840541082861556, 48.3781383019596, 51.8661903850234, 48.38790513605124, 52.68378725786297],
	demand_totals : [134.66087126973707, 133.05271902127478, 132.69080127461157, 126.56063622650443, 130.67415957902193, 136.72823413458468, 137.74049493760637, 133.69138130944305, 133.73770129827065, 126.25566102663899]
}

Running: 2903ms
solution objective : {
	value : 121008.99366037571,
	variance_total : 0.0,
	distance_total : 28508.993660375712,
	familiarity_total : 185,
	customer_totals : [48.857585474209856, 52.57141224552521, 49.547156188583344, 53.12817894587092, 52.67610853208644, 48.840541082861556, 48.3781383019596, 51.105146900282364, 48.38790513605124, 52.68378725786297],
	demand_totals : [134.66087126973707, 129.83329456378223, 132.69080127461157, 126.56063622650443, 130.67415957902193, 136.72823413458468, 137.74049493760637, 136.91080576693557, 133.73770129827065, 126.25566102663899]
}

Running: 3107ms
solution objective : {
	value : 120964.7920552371,
	variance_total : 0.0,
	distance_total : 28464.79205523711,
	familiarity_total : 185,
	customer_totals : [48.857585474209856, 52.57141224552521, 49.547156188583344, 53.12817894587092, 52.559102792989115, 48.840541082861556, 48.49514404105694, 51.105146900282364, 48.38790513605124, 52.68378725786297],
	demand_totals : [134.66087126973707, 129.83329456378223, 132.69080127461157, 126.56063622650443, 135.07035231931053, 136.72823413458468, 133.3443021973178, 136.91080576693557, 133.73770129827065, 126.25566102663899]
}

Running: 2951ms
solution objective : {
	value : 120866.5102634574,
	variance_total : 0.0,
	distance_total : 28366.510263457396,
	familiarity_total : 185,
	customer_totals : [48.857585474209856, 52.57141224552521, 49.547156188583344, 53.12817894587092, 52.844970854447574, 48.840541082861556, 48.20927597959848, 51.105146900282364, 48.38790513605124, 52.68378725786297],
	demand_totals : [134.66087126973707, 129.83329456378223, 132.69080127461157, 126.56063622650443, 132.3426716693056, 136.72823413458468, 136.07198284732272, 136.91080576693557, 133.73770129827065, 126.25566102663899]
}

Running: 2957ms
solution objective : {
	value : 120834.81267500624,
	variance_total : 0.0,
	distance_total : 28334.81267500624,
	familiarity_total : 185,
	customer_totals : [48.857585474209856, 52.57141224552521, 48.58959366814998, 53.12817894587092, 52.844970854447574, 48.840541082861556, 49.16683850003185, 51.105146900282364, 48.38790513605124, 52.68378725786297],
	demand_totals : [134.66087126973707, 129.83329456378223, 131.76431116670827, 126.56063622650443, 132.34267166930556, 136.72823413458468, 136.99847295522602, 136.91080576693557, 133.73770129827065, 126.25566102663899]
}

Running: 2878ms
solution objective : {
	value : 120810.6150277436,
	variance_total : 0.0,
	distance_total : 28310.61502774359,
	familiarity_total : 185,
	customer_totals : [48.857585474209856, 52.57141224552521, 48.58959366814998, 53.12817894587092, 52.844970854447574, 48.840541082861556, 48.66503521085286, 51.606950189461344, 48.38790513605124, 52.68378725786297],
	demand_totals : [134.66087126973707, 129.83329456378223, 131.76431116670827, 126.56063622650443, 132.34267166930556, 136.72823413458468, 135.10601228896, 138.80326643320166, 133.73770129827065, 126.25566102663899]
}

Running: 2947ms
solution objective : {
	value : 120781.42886761896,
	variance_total : 0.0,
	distance_total : 28281.428867618964,
	familiarity_total : 185,
	customer_totals : [48.857585474209856, 52.57141224552521, 48.58959366814998, 53.12817894587092, 51.35895948764575, 50.326552449663374, 48.66503521085286, 51.606950189461344, 48.38790513605124, 52.68378725786297],
	demand_totals : [134.66087126973707, 129.83329456378223, 131.76431116670827, 126.56063622650443, 136.3369067350995, 132.73399906879075, 135.10601228896, 138.80326643320166, 133.73770129827065, 126.25566102663899]
}

Running: 2944ms
solution objective : {
	value : 120685.57252065727,
	variance_total : 0.0,
	distance_total : 28185.57252065727,
	familiarity_total : 185,
	customer_totals : [48.857585474209856, 52.57141224552521, 48.368009577065266, 53.12817894587092, 51.58054357873047, 50.326552449663374, 48.66503521085286, 51.606950189461344, 48.38790513605124, 52.68378725786297],
	demand_totals : [134.66087126973707, 129.83329456378223, 133.19090401243088, 126.56063622650443, 134.91031388937688, 132.73399906879075, 135.10601228896, 138.80326643320166, 133.73770129827065, 126.25566102663899]
}

Running: 2914ms
solution objective : {
	value : 120593.00174271099,
	variance_total : 0.0,
	distance_total : 28093.00174271098,
	familiarity_total : 185,
	customer_totals : [48.857585474209856, 52.57141224552521, 48.368009577065266, 53.12817894587092, 51.58054357873047, 48.540332291074684, 50.45125536944154, 51.606950189461344, 48.38790513605124, 52.68378725786297],
	demand_totals : [134.66087126973707, 129.83329456378223, 133.19090401243088, 126.56063622650443, 134.91031388937688, 134.87740502788898, 132.96260632986173, 138.80326643320166, 133.73770129827065, 126.25566102663899]
}

Running: 3072ms
solution objective : {
	value : 120531.01793507766,
	variance_total : 0.0,
	distance_total : 28031.017935077656,
	familiarity_total : 185,
	customer_totals : [48.857585474209856, 52.57141224552521, 48.368009577065266, 53.12817894587092, 51.58054357873047, 48.22292433814292, 50.768663322373314, 51.606950189461344, 48.38790513605124, 52.68378725786297],
	demand_totals : [134.66087126973707, 129.83329456378223, 133.19090401243088, 126.56063622650443, 134.91031388937688, 128.78597652532576, 139.05403483242497, 138.80326643320166, 133.73770129827065, 126.25566102663899]
}

Running: 2911ms
solution objective : {
	value : 120478.27393889385,
	variance_total : 0.0,
	distance_total : 27978.273938893853,
	familiarity_total : 185,
	customer_totals : [48.09360988308738, 52.57141224552521, 48.368009577065266, 53.12817894587092, 51.58054357873047, 48.98689992926539, 50.768663322373314, 51.606950189461344, 48.38790513605124, 52.68378725786297],
	demand_totals : [134.42369235461547, 129.83329456378223, 133.19090401243088, 126.56063622650443, 134.91031388937688, 129.02315544044737, 139.05403483242497, 138.80326643320166, 133.73770129827065, 126.25566102663899]
}

Running: 2926ms
solution objective : {
	value : 120450.93376484283,
	variance_total : 0.054279161377920104,
	distance_total : 27896.65460346492,
	familiarity_total : 185,
	customer_totals : [48.09360988308738, 52.57141224552521, 48.368009577065266, 52.739134947617615, 51.58054357873047, 49.375943927518705, 50.768663322373314, 51.606950189461344, 48.38790513605124, 52.68378725786297],
	demand_totals : [134.42369235461547, 129.83329456378223, 133.19090401243088, 125.89602354600288, 134.91031388937688, 129.6877681209489, 139.05403483242497, 138.80326643320166, 133.73770129827065, 126.25566102663899]
}

Running: 2981ms
solution objective : {
	value : 120314.13055396381,
	variance_total : 0.18602278627847824,
	distance_total : 27628.107767685335,
	familiarity_total : 185,
	customer_totals : [48.09360988308738, 52.57141224552521, 48.368009577065266, 52.739134947617615, 51.58054357873047, 47.95497258130234, 50.768663322373314, 53.027921535677706, 48.38790513605124, 52.68378725786297],
	demand_totals : [134.42369235461547, 129.83329456378223, 133.19090401243088, 125.89602354600288, 134.91031388937688, 136.4206704161616, 139.05403483242497, 132.07036413798895, 133.73770129827065, 126.25566102663899]
}

Running: 2919ms
solution objective : {
	value : 120226.28299699092,
	variance_total : 0.0,
	distance_total : 27726.282996990918,
	familiarity_total : 185,
	customer_totals : [48.09360988308738, 52.57141224552521, 48.368009577065266, 52.25790118526476, 51.58054357873047, 48.4362063436552, 50.768663322373314, 53.027921535677706, 48.38790513605124, 52.68378725786297],
	demand_totals : [134.42369235461547, 129.83329456378223, 133.19090401243088, 126.38888071138287, 134.91031388937688, 135.9278132507816, 139.05403483242497, 132.07036413798895, 133.73770129827065, 126.25566102663899]
}

Running: 2938ms
solution objective : {
	value : 120205.955032669,
	variance_total : 0.0,
	distance_total : 27705.955032668997,
	familiarity_total : 185,
	customer_totals : [48.09360988308738, 52.57141224552521, 48.368009577065266, 52.25790118526476, 52.11451158676222, 48.4362063436552, 50.23469531434158, 53.027921535677706, 48.38790513605124, 52.68378725786297],
	demand_totals : [134.42369235461547, 129.83329456378223, 133.19090401243088, 126.38888071138287, 136.75780542189034, 135.9278132507816, 137.20654329991152, 132.07036413798895, 133.73770129827065, 126.25566102663899]
}

Running: 2992ms
solution objective : {
	value : 120198.43642819849,
	variance_total : 0.0,
	distance_total : 27698.436428198485,
	familiarity_total : 185,
	customer_totals : [48.92733693563203, 52.57141224552521, 48.368009577065266, 52.25790118526476, 52.11451158676222, 48.4362063436552, 50.23469531434158, 52.194194483133046, 48.38790513605124, 52.68378725786297],
	demand_totals : [128.94874504687567, 129.83329456378223, 133.19090401243088, 126.38888071138287, 136.75780542189034, 135.9278132507816, 137.20654329991152, 137.54531144572874, 133.73770129827065, 126.25566102663899]
}

Running: 3117ms
solution objective : {
	value : 120150.80234899608,
	variance_total : 0.0,
	distance_total : 27650.802348996072,
	familiarity_total : 185,
	customer_totals : [48.43133137593527, 52.57141224552521, 48.86401513676202, 52.25790118526476, 52.11451158676222, 48.4362063436552, 50.23469531434158, 52.194194483133046, 48.38790513605124, 52.68378725786297],
	demand_totals : [129.79651215754689, 129.83329456378223, 132.34313690175966, 126.38888071138287, 136.75780542189034, 135.9278132507816, 137.20654329991152, 137.54531144572874, 133.73770129827065, 126.25566102663899]
}

Running: 2956ms
solution objective : {
	value : 120019.58624992499,
	variance_total : 0.0,
	distance_total : 27519.586249924996,
	familiarity_total : 185,
	customer_totals : [48.53840581249723, 52.46433780896325, 48.86401513676202, 52.25790118526476, 52.11451158676222, 48.4362063436552, 50.23469531434158, 52.194194483133046, 48.38790513605124, 52.68378725786297],
	demand_totals : [131.21581592042756, 128.4139908009016, 132.34313690175966, 126.38888071138287, 136.75780542189034, 135.9278132507816, 137.20654329991152, 137.54531144572874, 133.73770129827065, 126.25566102663899]
}

Running: 3108ms
solution objective : {
	value : 119818.92382412718,
	variance_total : 0.0,
	distance_total : 27318.923824127185,
	familiarity_total : 185,
	customer_totals : [48.53840581249723, 52.46433780896325, 48.86401513676202, 51.52593871988581, 52.11451158676222, 48.4362063436552, 50.67909977706613, 52.194194483133046, 48.67546313870563, 52.68378725786297],
	demand_totals : [131.21581592042756, 128.4139908009016, 132.34313690175966, 126.11538910378665, 136.75780542189034, 135.9278132507816, 138.92808673123002, 137.54531144572874, 132.28964947454836, 126.25566102663899]
}

Running: 34123ms
solution objective : {
	value : 119748.31284471505,
	variance_total : 0.0,
	distance_total : 27248.312844715056,
	familiarity_total : 185,
	customer_totals : [48.53840581249723, 52.46433780896325, 48.86401513676202, 51.52593871988581, 52.65206590013419, 48.4362063436552, 50.29314483196699, 52.194194483133046, 48.67546313870563, 52.53218788959013],
	demand_totals : [131.21581592042756, 128.4139908009016, 132.34313690175966, 126.11538910378665, 135.71738703203656, 135.9278132507816, 137.53417883531336, 137.54531144572874, 132.28964947454836, 128.68998731240944]
}

Running: 32945ms
solution objective : {
	value : 119730.24974052388,
	variance_total : 0.0,
	distance_total : 27230.249740523883,
	familiarity_total : 185,
	customer_totals : [48.53840581249723, 52.46433780896325, 48.86401513676202, 51.52593871988581, 52.52104055570044, 48.4362063436552, 50.29314483196699, 52.194194483133046, 48.67546313870563, 52.663213234023885],
	demand_totals : [131.21581592042756, 128.4139908009016, 132.34313690175966, 126.11538910378665, 137.323733267084, 135.9278132507816, 137.53417883531336, 137.54531144572874, 132.28964947454836, 127.08364107736199]
}

Running: 2903ms
solution objective : {
	value : 119657.35276707158,
	variance_total : 0.0,
	distance_total : 27157.35276707158,
	familiarity_total : 185,
	customer_totals : [48.53840581249723, 52.46433780896325, 48.86401513676202, 51.52593871988581, 50.092109488665145, 48.4362063436552, 50.29314483196699, 52.194194483133046, 51.104394205740924, 52.663213234023885],
	demand_totals : [131.21581592042756, 128.4139908009016, 132.34313690175966, 126.11538910378665, 133.7838538403002, 135.9278132507816, 137.53417883531336, 137.54531144572874, 135.82952890133214, 127.08364107736199]
}

Running: 3036ms
solution objective : {
	value : 119642.33921219503,
	variance_total : 0.0,
	distance_total : 27142.339212195027,
	familiarity_total : 185,
	customer_totals : [48.53840581249723, 52.46433780896325, 48.86401513676202, 51.52593871988581, 50.23292446194317, 48.4362063436552, 50.152329858688965, 52.194194483133046, 51.104394205740924, 52.663213234023885],
	demand_totals : [131.21581592042756, 128.4139908009016, 132.34313690175966, 126.11538910378665, 137.11763952886142, 135.9278132507816, 134.20039314675216, 137.54531144572874, 135.82952890133214, 127.08364107736199]
}

Running: 3149ms
solution objective : {
	value : 119619.388378549,
	variance_total : 0.0,
	distance_total : 27119.388378549007,
	familiarity_total : 185,
	customer_totals : [48.59250284169495, 52.46433780896325, 48.86401513676202, 51.52593871988581, 50.17882743274545, 48.4362063436552, 50.152329858688965, 52.194194483133046, 51.104394205740924, 52.663213234023885],
	demand_totals : [135.46257869791955, 128.4139908009016, 132.34313690175966, 126.11538910378665, 132.8708767513694, 135.9278132507816, 134.20039314675216, 137.54531144572874, 135.82952890133214, 127.08364107736199]
}

Running: 2990ms
solution objective : {
	value : 119616.27420302575,
	variance_total : 0.0,
	distance_total : 27116.274203025747,
	familiarity_total : 185,
	customer_totals : [48.53389118336388, 52.46433780896325, 48.86401513676202, 51.52593871988581, 50.23743909107654, 48.4362063436552, 50.152329858688965, 52.194194483133046, 51.104394205740924, 52.663213234023885],
	demand_totals : [131.8907064848006, 128.4139908009016, 132.34313690175966, 126.11538910378665, 136.44274896448835, 135.9278132507816, 134.20039314675216, 137.54531144572874, 135.82952890133214, 127.08364107736199]
}

Running: 3237ms
solution objective : {
	value : 119534.98793599778,
	variance_total : 0.006552553275412265,
	distance_total : 27028.435382722364,
	familiarity_total : 185,
	customer_totals : [48.53389118336388, 49.85795999683316, 48.724910316378505, 51.52593871988581, 52.98292172359015, 48.4362063436552, 50.152329858688965, 52.194194483133046, 51.104394205740924, 52.663213234023885],
	demand_totals : [131.8907064848006, 129.95960305337243, 128.025491752344, 126.11538910378665, 139.21478186143315, 135.9278132507816, 134.20039314675216, 137.54531144572874, 135.82952890133214, 127.08364107736199]
}

Running: 35929ms
solution objective : {
	value : 119529.37345036166,
	variance_total : 0.0,
	distance_total : 27029.373450361654,
	familiarity_total : 185,
	customer_totals : [48.53389118336388, 49.85795999683316, 48.724910316378505, 52.74232179446192, 51.76653864901404, 48.4362063436552, 50.152329858688965, 52.194194483133046, 51.104394205740924, 52.663213234023885],
	demand_totals : [131.8907064848006, 129.95960305337243, 128.025491752344, 133.70044265753597, 131.62972830768388, 135.9278132507816, 134.20039314675216, 137.54531144572874, 135.82952890133214, 127.08364107736199]
}

Running: 2917ms
solution objective : {
	value : 119489.0284419273,
	variance_total : 0.0,
	distance_total : 26989.02844192729,
	familiarity_total : 185,
	customer_totals : [48.53389118336388, 49.85795999683316, 48.724910316378505, 51.939304488503446, 51.76653864901404, 48.4362063436552, 50.95534716464744, 52.194194483133046, 51.104394205740924, 52.663213234023885],
	demand_totals : [131.8907064848006, 129.95960305337243, 128.025491752344, 132.5875777839381, 131.62972830768388, 135.9278132507816, 135.31325802035002, 137.54531144572874, 135.82952890133214, 127.08364107736199]
}

Running: 2892ms
solution objective : {
	value : 119483.06859694798,
	variance_total : 0.0,
	distance_total : 26983.068596947985,
	familiarity_total : 185,
	customer_totals : [48.53389118336388, 49.85795999683316, 48.724910316378505, 50.90430424265682, 51.76653864901404, 48.4362063436552, 51.99034741049407, 52.194194483133046, 51.104394205740924, 52.663213234023885],
	demand_totals : [131.8907064848006, 129.95960305337243, 128.025491752344, 131.14039024519408, 131.62972830768388, 135.9278132507816, 136.76044555909408, 137.54531144572874, 135.82952890133214, 127.08364107736199]
}

Running: 2934ms
solution objective : {
	value : 119382.88978272736,
	variance_total : 0.0,
	distance_total : 26882.889782727365,
	familiarity_total : 185,
	customer_totals : [48.53389118336388, 49.85795999683316, 48.724910316378505, 52.63430067205601, 51.76653864901404, 49.230661074579075, 49.465896250171006, 52.194194483133046, 51.104394205740924, 52.663213234023885],
	demand_totals : [131.8907064848006, 129.95960305337243, 128.025491752344, 130.68477995479236, 131.62972830768388, 134.31520842557467, 138.82866067470272, 137.54531144572874, 135.82952890133214, 127.08364107736199]
}

Running: 33473ms
solution objective : {
	value : 119338.31459290901,
	variance_total : 0.0,
	distance_total : 26838.314592909006,
	familiarity_total : 185,
	customer_totals : [48.53389118336388, 49.85795999683316, 48.724910316378505, 53.143301447588634, 51.76653864901404, 48.72166029904645, 49.465896250171006, 52.194194483133046, 51.104394205740924, 52.663213234023885],
	demand_totals : [131.8907064848006, 129.95960305337243, 128.025491752344, 132.9204381741737, 131.62972830768388, 132.07955020619332, 138.82866067470275, 137.54531144572874, 135.82952890133214, 127.08364107736199]
}

Running: 3348ms
solution objective : {
	value : 119261.34367125806,
	variance_total : 0.0,
	distance_total : 26761.343671258055,
	familiarity_total : 185,
	customer_totals : [48.53389118336388, 49.85795999683316, 48.724910316378505, 53.143301447588634, 50.306209012550354, 48.72166029904645, 50.229820676110705, 52.89059969365701, 51.104394205740924, 52.66321323402387],
	demand_totals : [131.8907064848006, 129.95960305337243, 128.025491752344, 132.9204381741737, 130.41855354084726, 132.0795502061933, 138.69558156543505, 138.88956532183303, 135.82952890133214, 127.08364107736199]
}

Running: 35331ms
solution objective : {
	value : 119213.09543739594,
	variance_total : 0.007910512471376308,
	distance_total : 26705.18492492456,
	familiarity_total : 185,
	customer_totals : [48.53389118336388, 51.131970718952125, 48.724910316378505, 53.143301447588634, 50.306209012550354, 48.078805693731525, 49.59866455930666, 52.89059969365701, 51.104394205740924, 52.663213234023885],
	demand_totals : [131.8907064848006, 138.9288755092427, 128.025491752344, 132.9204381741737, 130.41855354084726, 128.64974834320782, 133.15611097255024, 138.88956532183303, 135.82952890133214, 127.08364107736199]
}

Running: 36148ms
solution objective : {
	value : 119149.24480617183,
	variance_total : 0.007910512471376308,
	distance_total : 26641.334293700453,
	familiarity_total : 185,
	customer_totals : [48.95392557993707, 50.71193632237893, 48.724910316378505, 53.143301447588634, 50.306209012550354, 48.078805693731525, 49.59866455930666, 52.89059969365701, 51.104394205740924, 52.663213234023885],
	demand_totals : [136.83224749488733, 133.98733449915596, 128.025491752344, 132.9204381741737, 130.41855354084726, 128.64974834320782, 133.15611097255024, 138.88956532183303, 135.82952890133214, 127.08364107736199]
}

Running: 3089ms
solution objective : {
	value : 119082.49221562856,
	variance_total : 0.007910512471376308,
	distance_total : 26574.58170315719,
	familiarity_total : 185,
	customer_totals : [49.87777207090734, 50.71193632237893, 48.724910316378505, 53.143301447588634, 50.306209012550354, 48.078805693731525, 49.59866455930666, 51.96675320268674, 51.104394205740924, 52.663213234023885],
	demand_totals : [137.3817636898726, 133.98733449915596, 128.025491752344, 132.9204381741737, 130.41855354084726, 128.64974834320782, 133.15611097255024, 138.34004912684776, 135.82952890133214, 127.08364107736199]
}

Running: 2917ms
solution objective : {
	value : 119056.4685035203,
	variance_total : 0.007910512471376308,
	distance_total : 26548.55799104892,
	familiarity_total : 185,
	customer_totals : [49.87777207090734, 50.71193632237893, 48.724910316378505, 53.143301447588634, 49.158459603896134, 48.078805693731525, 49.59866455930666, 53.11450261134099, 51.104394205740924, 52.663213234023885],
	demand_totals : [137.3817636898726, 133.98733449915596, 128.025491752344, 132.9204381741737, 137.8780184987317, 128.64974834320782, 133.15611097255024, 130.8805841689633, 135.82952890133214, 127.08364107736199]
}

Running: 3259ms
solution objective : {
	value : 119040.82607249904,
	variance_total : 0.007910512471376308,
	distance_total : 26532.915560027668,
	familiarity_total : 185,
	customer_totals : [49.87777207090734, 50.71193632237893, 48.724910316378505, 53.143301447588634, 49.54312743048841, 48.078805693731525, 49.213996732714385, 53.11450261134099, 51.104394205740924, 52.663213234023885],
	demand_totals : [137.3817636898726, 133.98733449915596, 128.025491752344, 132.9204381741737, 132.09590745263262, 128.64974834320782, 138.9382220186493, 130.8805841689633, 135.82952890133214, 127.08364107736199]
}

Running: 2908ms
solution objective : {
	value : 119028.83912850691,
	variance_total : 0.007910512471376308,
	distance_total : 26520.928616035537,
	familiarity_total : 185,
	customer_totals : [48.7297658843879, 50.71193632237893, 48.724910316378505, 53.143301447588634, 50.69113361700785, 48.078805693731525, 49.213996732714385, 53.11450261134099, 51.104394205740924, 52.663213234023885],
	demand_totals : [135.13299146209593, 133.98733449915596, 128.025491752344, 132.9204381741737, 134.3446796804093, 128.64974834320782, 138.9382220186493, 130.8805841689633, 135.82952890133214, 127.08364107736199]
}

Running: 2882ms
solution objective : {
	value : 118980.20249380446,
	variance_total : 0.007910512471376308,
	distance_total : 26472.291981333092,
	familiarity_total : 185,
	customer_totals : [48.7297658843879, 51.37841394935931, 48.724910316378505, 53.143301447588634, 50.69113361700785, 48.078805693731525, 49.213996732714385, 52.68732906026117, 50.865090129840354, 52.663213234023885],
	demand_totals : [135.13299146209593, 131.28972556999273, 128.025491752344, 132.9204381741737, 134.3446796804093, 128.64974834320782, 138.9382220186493, 134.5744013909764, 134.83332060848232, 127.08364107736199]
}

Running: 34181ms
solution objective : {
	value : 118957.15685474985,
	variance_total : 0.007910512471376308,
	distance_total : 26449.246342278475,
	familiarity_total : 185,
	customer_totals : [48.7297658843879, 51.37841394935931, 48.724910316378505, 53.143301447588634, 50.69113361700785, 48.078805693731525, 49.213996732714385, 52.95822110298125, 50.59419808712027, 52.663213234023885],
	demand_totals : [135.13299146209593, 131.28972556999273, 128.025491752344, 132.9204381741737, 134.3446796804093, 128.64974834320782, 138.9382220186493, 133.96778096620736, 135.43994103325136, 127.08364107736199]
}

Running: 3797ms
solution objective : {
	value : 118925.21726694111,
	variance_total : 0.007910512471376308,
	distance_total : 26417.30675446973,
	familiarity_total : 185,
	customer_totals : [48.64018555448038, 51.37841394935931, 48.724910316378505, 53.143301447588634, 50.69113361700785, 48.078805693731525, 49.213996732714385, 52.9315221372301, 50.59419808712027, 52.77949252968256],
	demand_totals : [136.5682836469992, 131.28972556999273, 128.025491752344, 132.9204381741737, 134.3446796804093, 128.64974834320782, 138.9382220186493, 129.33396757368052, 135.43994103325136, 130.28216228498556]
}

Running: 34506ms
solution objective : {
	value : 118894.25484527051,
	variance_total : 0.007910512471376308,
	distance_total : 26386.344332799126,
	familiarity_total : 185,
	customer_totals : [48.64018555448038, 51.37841394935931, 48.724910316378505, 53.143301447588634, 50.69113361700785, 48.078805693731525, 49.213996732714385, 52.57947305037596, 50.73340261761883, 52.99233708603813],
	demand_totals : [136.5682836469992, 131.28972556999273, 128.025491752344, 132.9204381741737, 134.3446796804093, 128.64974834320782, 138.9382220186493, 129.9112007486103, 128.6657602463189, 136.47910989698823]
}

Running: 36504ms
solution objective : {
	value : 118889.11289674799,
	variance_total : 0.007910512471376308,
	distance_total : 26381.202384276618,
	familiarity_total : 185,
	customer_totals : [48.64018555448038, 51.37841394935931, 48.724910316378505, 53.143301447588634, 50.36334562392632, 48.078805693731525, 49.213996732714385, 52.90726104345749, 50.73340261761883, 52.99233708603813],
	demand_totals : [136.5682836469992, 131.28972556999273, 128.025491752344, 132.9204381741737, 131.78410337948384, 128.64974834320782, 138.9382220186493, 132.47177704953577, 128.6657602463189, 136.47910989698823]
}

Running: 3617ms
solution objective : {
	value : 118803.54273792247,
	variance_total : 0.02376904967601945,
	distance_total : 26279.77368824645,
	familiarity_total : 185,
	customer_totals : [48.07809556348906, 51.37841394935931, 48.724910316378505, 53.143301447588634, 50.762058999609124, 48.078805693731525, 49.213996732714385, 52.90726104345749, 50.73340261761883, 53.15571370134665],
	demand_totals : [137.47343755591532, 131.28972556999273, 128.025491752344, 132.9204381741737, 137.8359119436391, 128.64974834320782, 138.9382220186493, 132.47177704953577, 128.6657602463189, 129.5221474239168]
}

Running: 32559ms
solution objective : {
	value : 118767.58720395764,
	variance_total : 0.015148406962175898,
	distance_total : 26252.438796995455,
	familiarity_total : 185,
	customer_totals : [48.13119867104084, 51.32531084180753, 48.724910316378505, 53.143301447588634, 50.762058999609124, 48.078805693731525, 49.213996732714385, 52.90726104345749, 50.73340261761883, 53.15571370134665],
	demand_totals : [138.947911561896, 129.81525156401204, 128.025491752344, 132.9204381741737, 137.8359119436391, 128.64974834320782, 138.9382220186493, 132.47177704953577, 128.6657602463189, 129.5221474239168]
}

Running: 2919ms
solution objective : {
	value : 118763.8659871282,
	variance_total : 0.015148406962175898,
	distance_total : 26248.71758016603,
	familiarity_total : 185,
	customer_totals : [48.13119867104084, 51.32531084180753, 48.724910316378505, 53.143301447588634, 51.2343446156449, 48.078805693731525, 49.213996732714385, 52.43497542742171, 50.73340261761883, 53.15571370134665],
	demand_totals : [138.947911561896, 129.81525156401204, 128.025491752344, 132.9204381741737, 131.1631864001666, 128.64974834320782, 138.9382220186493, 139.14450259300824, 128.6657602463189, 129.5221474239168]
}

Running: 2989ms
solution objective : {
	value : 118748.15789634697,
	variance_total : 0.015148406962175898,
	distance_total : 26233.00948938479,
	familiarity_total : 185,
	customer_totals : [48.13119867104084, 51.32531084180753, 48.724910316378505, 53.143301447588634, 51.2343446156449, 48.078805693731525, 49.213996732714385, 52.92655389825031, 50.241824146790215, 53.15571370134665],
	demand_totals : [138.947911561896, 129.81525156401204, 128.025491752344, 132.9204381741737, 131.1631864001666, 128.64974834320782, 138.9382220186493, 134.29643201296022, 133.51383082636696, 129.5221474239168]
}

Running: 3073ms
solution objective : {
	value : 118747.21796410793,
	variance_total : 0.015148406962175898,
	distance_total : 26232.069557145758,
	familiarity_total : 185,
	customer_totals : [48.37809284099314, 51.07841667185523, 48.724910316378505, 53.143301447588634, 51.2343446156449, 48.078805693731525, 49.213996732714385, 52.92655389825031, 50.241824146790215, 53.15571370134665],
	demand_totals : [137.62583320112032, 131.13732992478774, 128.025491752344, 132.9204381741737, 131.1631864001666, 128.64974834320782, 138.9382220186493, 134.29643201296022, 133.51383082636696, 129.5221474239168]
}

Running: 3322ms
solution objective : {
	value : 118693.03319343948,
	variance_total : 0.015148406962175898,
	distance_total : 26177.8847864773,
	familiarity_total : 185,
	customer_totals : [48.37809284099314, 51.07841667185523, 48.724910316378505, 53.143301447588634, 50.03201069683751, 48.078805693731525, 51.52845000798391, 51.81443454178818, 50.241824146790215, 53.15571370134665],
	demand_totals : [137.62583320112032, 131.13732992478774, 128.025491752344, 132.9204381741737, 138.76420482852566, 128.64974834320782, 135.9295329305471, 129.70410267270336, 133.51383082636696, 129.5221474239168]
}

Running: 37938ms
solution objective : {
	value : 118578.6345074396,
	variance_total : 0.015148406962175898,
	distance_total : 26063.48610047742,
	familiarity_total : 185,
	customer_totals : [48.37809284099314, 51.602822099846804, 48.724910316378505, 53.143301447588634, 49.50760526884594, 48.078805693731525, 51.52845000798391, 51.81443454178818, 50.241824146790215, 53.15571370134665],
	demand_totals : [137.62583320112032, 133.0042737785895, 128.025491752344, 132.9204381741737, 136.89726097472393, 128.64974834320782, 135.9295329305471, 129.70410267270336, 133.51383082636696, 129.5221474239168]
}

Running: 2928ms
solution objective : {
	value : 118539.6412443013,
	variance_total : 0.015148406962175898,
	distance_total : 26024.492837339116,
	familiarity_total : 185,
	customer_totals : [48.37809284099314, 51.602822099846804, 48.724910316378505, 53.143301447588634, 49.24960955118965, 48.078805693731525, 51.52845000798391, 52.07243025944448, 50.241824146790215, 53.15571370134665],
	demand_totals : [137.62583320112032, 133.0042737785895, 128.025491752344, 132.9204381741737, 128.08506777952826, 128.64974834320782, 135.9295329305471, 138.51629586789903, 133.51383082636696, 129.5221474239168]
}

Running: 2943ms
solution objective : {
	value : 118495.46262167371,
	variance_total : 0.015148406962175898,
	distance_total : 25980.314214711525,
	familiarity_total : 185,
	customer_totals : [48.37809284099314, 51.602822099846804, 48.724910316378505, 52.24482808139147, 50.14808291738681, 48.078805693731525, 51.52845000798391, 52.07243025944448, 50.241824146790215, 53.15571370134665],
	demand_totals : [137.62583320112032, 133.0042737785895, 128.025491752344, 130.58135965156575, 130.42414630213622, 128.64974834320782, 135.9295329305471, 138.51629586789903, 133.51383082636696, 129.5221474239168]
}

Running: 2910ms
solution objective : {
	value : 118453.72470108917,
	variance_total : 0.015148406962175898,
	distance_total : 25938.576294126997,
	familiarity_total : 185,
	customer_totals : [48.37809284099314, 51.602822099846804, 48.724910316378505, 53.12068882518375, 49.27222217359453, 48.078805693731525, 51.52845000798391, 52.07243025944448, 50.241824146790215, 53.15571370134665],
	demand_totals : [137.62583320112032, 133.0042737785895, 128.025491752344, 132.38687438986017, 128.6186315638418, 128.64974834320782, 135.9295329305471, 138.51629586789903, 133.51383082636696, 129.5221474239168]
}

Running: 2939ms
solution objective : {
	value : 118421.31380873334,
	variance_total : 0.015148406962175898,
	distance_total : 25906.165401771163,
	familiarity_total : 185,
	customer_totals : [48.55860305635009, 50.85330857386478, 48.724910316378505, 53.12068882518375, 49.841225484219606, 48.078805693731525, 51.52845000798391, 52.07243025944448, 50.241824146790215, 53.15571370134665],
	demand_totals : [133.44221645344962, 129.9081723791856, 128.025491752344, 132.38687438986017, 135.8983497109164, 128.64974834320782, 135.9295329305471, 138.51629586789903, 133.51383082636696, 129.5221474239168]
}

Running: 41381ms
solution objective : {
	value : 118409.14593733803,
	variance_total : 0.015148406962175898,
	distance_total : 25893.997530375855,
	familiarity_total : 185,
	customer_totals : [48.55860305635009, 50.32604768693062, 48.724910316378505, 53.12068882518375, 50.368486371153764, 48.078805693731525, 51.52845000798391, 52.07243025944448, 50.241824146790215, 53.15571370134665],
	demand_totals : [133.44221645344962, 137.25600164879336, 128.025491752344, 132.38687438986017, 128.55052044130863, 128.64974834320782, 135.9295329305471, 138.51629586789903, 133.51383082636696, 129.5221474239168]
}

Running: 3435ms
solution objective : {
	value : 118376.54511270869,
	variance_total : 0.015148406962175898,
	distance_total : 25861.396705746512,
	familiarity_total : 185,
	customer_totals : [48.55860305635009, 48.976854005549136, 48.193392814609155, 53.12068882518375, 52.249197554304594, 48.078805693731525, 51.52845000798391, 52.07243025944448, 50.241824146790215, 53.15571370134665],
	demand_totals : [133.44221645344962, 130.00184215679656, 133.5345981401572, 132.38687438986017, 130.29557354549232, 128.64974834320782, 135.9295329305471, 138.51629586789903, 133.51383082636696, 129.5221474239168]
}

Running: 32801ms
solution objective : {
	value : 118353.63867069033,
	variance_total : 0.015148406962175898,
	distance_total : 25838.490263728152,
	familiarity_total : 185,
	customer_totals : [48.55860305635009, 50.06063001060529, 48.193392814609155, 53.12068882518375, 51.59612898964143, 48.078805693731525, 51.52845000798391, 51.6417228190515, 50.241824146790215, 53.15571370134665],
	demand_totals : [133.44221645344962, 136.736621620607, 133.5345981401572, 132.38687438986017, 132.57746346874083, 128.64974834320782, 135.9295329305471, 129.49962648084002, 133.51383082636696, 129.5221474239168]
}

Running: 39520ms
solution objective : {
	value : 118341.63914005752,
	variance_total : 0.015148406962175898,
	distance_total : 25826.49073309534,
	familiarity_total : 185,
	customer_totals : [48.55860305635009, 50.06063001060529, 48.193392814609155, 53.12068882518375, 51.59612898964143, 48.078805693731525, 51.52845000798391, 52.32210025172589, 49.561446714115824, 53.15571370134665],
	demand_totals : [133.44221645344962, 136.736621620607, 133.5345981401572, 132.38687438986017, 132.57746346874083, 128.64974834320782, 135.9295329305471, 130.47483828124845, 132.53861902595852, 129.5221474239168]
}

Running: 3185ms
solution objective : {
	value : 118341.01332126494,
	variance_total : 0.015148406962175898,
	distance_total : 25825.86491430277,
	familiarity_total : 185,
	customer_totals : [48.55860305635009, 50.06063001060529, 48.193392814609155, 53.12068882518375, 51.59612898964143, 48.078805693731525, 51.52845000798391, 53.01268866285606, 48.87085830298566, 53.15571370134665],
	demand_totals : [133.44221645344962, 136.736621620607, 133.5345981401572, 132.38687438986017, 132.57746346874083, 128.64974834320782, 135.9295329305471, 136.4823352970616, 126.53112201014534, 129.5221474239168]
}

Running: 2937ms
solution objective : {
	value : 118266.61572045814,
	variance_total : 0.007910512471376308,
	distance_total : 25758.70520798676,
	familiarity_total : 185,
	customer_totals : [48.1614748394018, 52.09844790826251, 48.193392814609155, 53.12068882518375, 51.59612898964143, 48.078805693731525, 51.52845000798391, 52.60264716448504, 48.87085830298566, 51.92506551900873],
	demand_totals : [134.63258938335076, 129.2654692929106, 133.5345981401572, 132.38687438986017, 132.57746346874083, 128.64974834320782, 135.9295329305471, 139.17145423329464, 126.53112201014534, 133.11380788547905]
}

Running: 77699ms
solution objective : {
	value : 118234.08044327836,
	variance_total : 0.007910512471376308,
	distance_total : 25726.169930806995,
	familiarity_total : 185,
	customer_totals : [48.1614748394018, 52.09844790826251, 48.193392814609155, 53.12068882518375, 51.59612898964143, 48.078805693731525, 52.58740038648511, 51.54369678598385, 48.87085830298566, 51.92506551900873],
	demand_totals : [134.63258938335076, 129.2654692929106, 133.5345981401572, 132.38687438986017, 132.57746346874083, 128.64974834320782, 137.90199353176064, 137.1989936320811, 126.53112201014534, 133.11380788547905]
}

Running: 2973ms
solution objective : {
	value : 118201.36152922321,
	variance_total : 0.007910512471376308,
	distance_total : 25693.451016751842,
	familiarity_total : 185,
	customer_totals : [48.1614748394018, 52.09844790826251, 48.193392814609155, 53.12068882518375, 51.59612898964143, 48.078805693731525, 51.51521108516159, 52.615886087307366, 48.87085830298566, 51.92506551900873],
	demand_totals : [134.63258938335076, 129.2654692929106, 133.5345981401572, 132.38687438986017, 132.57746346874083, 128.64974834320782, 137.6342905458414, 137.46669661800036, 126.53112201014534, 133.11380788547905]
}

Running: 2909ms
solution objective : {
	value : 118186.17473657409,
	variance_total : 0.007910512471376308,
	distance_total : 25678.26422410271,
	familiarity_total : 185,
	customer_totals : [48.1614748394018, 52.09844790826251, 48.193392814609155, 52.739482560821656, 51.59612898964143, 48.078805693731525, 51.065095459682944, 52.615886087307366, 48.87085830298566, 52.756387408849484],
	demand_totals : [134.63258938335076, 129.2654692929106, 133.5345981401572, 128.8767218881012, 132.57746346874083, 128.64974834320782, 138.9257278555026, 137.46669661800036, 126.53112201014534, 135.3325230775768]
}

Running: 37866ms
solution objective : {
	value : 118180.04003299592,
	variance_total : 0.007910512471376308,
	distance_total : 25672.129520524544,
	familiarity_total : 185,
	customer_totals : [48.1614748394018, 52.09844790826251, 48.193392814609155, 52.75848144159647, 51.59612898964143, 48.078805693731525, 51.065095459682944, 53.13020675918275, 48.87085830298566, 52.22306785619927],
	demand_totals : [134.63258938335076, 129.2654692929106, 133.5345981401572, 136.82120784063213, 132.57746346874083, 128.64974834320782, 138.9257278555026, 132.00880057071797, 126.53112201014534, 132.84593317232827]
}

Running: 33786ms
solution objective : {
	value : 118144.46308026771,
	variance_total : 0.007910512471376308,
	distance_total : 25636.552567796345,
	familiarity_total : 185,
	customer_totals : [48.1614748394018, 52.09844790826251, 48.193392814609155, 52.75848144159647, 51.59612898964143, 48.078805693731525, 52.95807531514077, 51.23722690372491, 48.87085830298566, 52.22306785619927],
	demand_totals : [134.63258938335076, 129.2654692929106, 133.5345981401572, 136.82120784063213, 132.57746346874083, 128.64974834320782, 134.58330842960692, 136.35121999661365, 126.53112201014534, 132.84593317232827]
}

Running: 3179ms
solution objective : {
	value : 118105.63336839396,
	variance_total : 0.007910512471376308,
	distance_total : 25597.722855922584,
	familiarity_total : 185,
	customer_totals : [48.1614748394018, 50.4874110162722, 48.193392814609155, 52.75848144159647, 51.59612898964143, 48.078805693731525, 52.95807531514077, 52.84826379571522, 48.87085830298566, 52.22306785619927],
	demand_totals : [134.63258938335076, 129.8785190987079, 133.5345981401572, 136.82120784063213, 132.57746346874083, 128.64974834320782, 134.58330842960692, 135.73817019081636, 126.53112201014534, 132.84593317232827]
}

Running: 3026ms
solution objective : {
	value : 118073.58351444383,
	variance_total : 0.007910512471376308,
	distance_total : 25565.673001972464,
	familiarity_total : 185,
	customer_totals : [48.1614748394018, 50.4874110162722, 48.193392814609155, 52.75848144159647, 51.59612898964143, 48.078805693731525, 52.95807531514077, 53.146266132905744, 48.87085830298566, 51.92506551900873],
	demand_totals : [134.63258938335076, 129.8785190987079, 133.5345981401572, 136.82120784063213, 132.57746346874083, 128.64974834320782, 134.58330842960692, 135.47029547766556, 126.53112201014534, 133.11380788547905]
}

Running: 3180ms
solution objective : {
	value : 117929.09143117066,
	variance_total : 0.0,
	distance_total : 25429.09143117066,
	familiarity_total : 185,
	customer_totals : [48.1614748394018, 50.4874110162722, 48.193392814609155, 52.75848144159647, 51.59612898964143, 49.49946677430253, 51.537414234569766, 53.146266132905744, 48.87085830298566, 51.92506551900873],
	demand_totals : [134.63258938335076, 129.8785190987079, 133.5345981401572, 136.82120784063213, 132.57746346874083, 134.06051384233984, 129.17254293047492, 135.47029547766556, 126.53112201014534, 133.11380788547905]
}

Running: 121632ms
solution objective : {
	value : 117833.46654438271,
	variance_total : 0.0,
	distance_total : 25333.46654438271,
	familiarity_total : 185,
	customer_totals : [48.1614748394018, 52.13880431073704, 48.193392814609155, 51.107088147131634, 51.59612898964143, 49.49946677430253, 51.537414234569766, 53.146266132905744, 48.87085830298566, 51.92506551900873],
	demand_totals : [134.63258938335076, 131.13432510931528, 133.5345981401572, 135.56540183002474, 132.57746346874083, 134.06051384233984, 129.17254293047492, 135.47029547766556, 126.53112201014534, 133.11380788547905]
}

Running: 6788ms
solution objective : {
	value : 117776.75377945832,
	variance_total : 0.0,
	distance_total : 25276.753779458315,
	familiarity_total : 185,
	customer_totals : [48.1614748394018, 52.13880431073704, 48.193392814609155, 51.107088147131634, 51.59612898964143, 49.49946677430253, 51.537414234569766, 53.146266132905744, 50.30128306864683, 50.49464075334756],
	demand_totals : [134.63258938335076, 131.13432510931528, 133.5345981401572, 135.56540183002474, 132.57746346874083, 134.06051384233984, 129.17254293047492, 135.47029547766556, 127.8379463278728, 131.8069835677516]
}

Running: 6777ms
solution objective : {
	value : 117739.22435528664,
	variance_total : 0.0,
	distance_total : 25239.224355286642,
	familiarity_total : 185,
	customer_totals : [48.1614748394018, 52.13880431073704, 48.193392814609155, 53.00453088236101, 51.59612898964143, 49.49946677430253, 49.63997149934039, 53.146266132905744, 50.30128306864683, 50.49464075334756],
	demand_totals : [134.63258938335076, 131.13432510931528, 133.5345981401572, 136.90602875589443, 132.57746346874083, 134.06051384233984, 127.8319160046052, 135.47029547766556, 127.8379463278728, 131.8069835677516]
}

Running: 6937ms
solution objective : {
	value : 117711.92694516284,
	variance_total : 0.0,
	distance_total : 25211.92694516283,
	familiarity_total : 185,
	customer_totals : [48.1614748394018, 52.13880431073704, 48.193392814609155, 51.84382724450569, 52.75683262749674, 49.49946677430253, 49.63997149934039, 53.146266132905744, 50.30128306864683, 50.49464075334756],
	demand_totals : [134.63258938335076, 131.13432510931528, 133.5345981401572, 131.2780424600477, 138.2054497645876, 134.06051384233984, 127.8319160046052, 135.47029547766556, 127.8379463278728, 131.8069835677516]
}

Running: 7543ms
solution objective : {
	value : 117692.52886948666,
	variance_total : 0.0,
	distance_total : 25192.528869486665,
	familiarity_total : 185,
	customer_totals : [48.1614748394018, 52.13880431073704, 48.193392814609155, 51.84382724450569, 52.75683262749674, 49.49946677430253, 49.63997149934039, 51.800508277209865, 51.64704092434271, 50.49464075334756],
	demand_totals : [134.63258938335076, 131.13432510931528, 133.5345981401572, 131.2780424600477, 138.2054497645876, 134.06051384233984, 127.8319160046052, 132.01755922095796, 131.2906825845804, 131.8069835677516]
}

Running: 6255ms
solution objective : {
	value : 117683.50543156991,
	variance_total : 0.0,
	distance_total : 25183.5054315699,
	familiarity_total : 185,
	customer_totals : [51.52495254574276, 48.77532660439608, 48.193392814609155, 51.84382724450569, 52.75683262749674, 49.49946677430253, 49.63997149934039, 51.800508277209865, 51.64704092434271, 50.49464075334756],
	demand_totals : [138.99709605957221, 126.76981843309383, 133.5345981401572, 131.2780424600477, 138.2054497645876, 134.06051384233984, 127.8319160046052, 132.01755922095796, 131.2906825845804, 131.8069835677516]
}

Running: 5502ms
solution objective : {
	value : 117682.26517148608,
	variance_total : 0.0,
	distance_total : 25182.265171486084,
	familiarity_total : 185,
	customer_totals : [51.52495254574276, 48.77532660439608, 48.193392814609155, 51.84382724450569, 50.16315171083079, 52.09314769096848, 49.63997149934039, 51.800508277209865, 51.64704092434271, 50.49464075334756],
	demand_totals : [138.99709605957221, 126.76981843309383, 133.5345981401572, 131.2780424600477, 134.84851666154248, 137.417446945385, 127.8319160046052, 132.01755922095796, 131.2906825845804, 131.8069835677516]
}

Running: 5531ms
solution objective : {
	value : 117673.42595682693,
	variance_total : 0.0,
	distance_total : 25173.425956826934,
	familiarity_total : 185,
	customer_totals : [51.52495254574276, 48.77532660439608, 48.193392814609155, 50.49318712218631, 51.51379183315018, 52.09314769096848, 49.63997149934039, 51.800508277209865, 51.64704092434271, 50.49464075334756],
	demand_totals : [138.99709605957221, 126.76981843309383, 133.5345981401572, 127.49784075401442, 138.62871836757574, 137.417446945385, 127.8319160046052, 132.01755922095796, 131.2906825845804, 131.8069835677516]
}

Running: 5599ms
solution objective : {
	value : 117668.38261127003,
	variance_total : 0.0,
	distance_total : 25168.38261127003,
	familiarity_total : 185,
	customer_totals : [51.52495254574276, 48.77532660439608, 48.193392814609155, 53.04121143830698, 51.51379183315018, 52.09314769096848, 49.63997149934039, 49.252483961089204, 51.64704092434271, 50.49464075334756],
	demand_totals : [138.99709605957221, 126.76981843309383, 133.5345981401572, 130.91861006126607, 138.62871836757574, 137.417446945385, 127.8319160046052, 128.59678991370632, 131.2906825845804, 131.8069835677516]
}

Running: 5942ms
solution objective : {
	value : 117600.29463258282,
	variance_total : 0.0,
	distance_total : 25100.294632582827,
	familiarity_total : 185,
	customer_totals : [51.52495254574276, 50.703430259276494, 48.193392814609155, 51.1437687030776, 51.51379183315018, 52.09314769096848, 49.60931057968935, 49.252483961089204, 51.64704092434271, 50.49464075334756],
	demand_totals : [138.99709605957221, 129.5425352035305, 133.5345981401572, 129.57798313539635, 138.62871836757574, 137.417446945385, 126.39982616003824, 128.59678991370632, 131.2906825845804, 131.80698356775156]
}

Running: 67607ms
solution objective : {
	value : 117595.76795972309,
	variance_total : 0.0,
	distance_total : 25095.767959723085,
	familiarity_total : 185,
	customer_totals : [51.52495254574276, 52.55635095489439, 48.193392814609155, 51.1437687030776, 49.66087113753228, 52.09314769096848, 49.60931057968935, 49.252483961089204, 51.64704092434271, 50.49464075334756],
	demand_totals : [138.99709605957221, 134.0303649378406, 133.5345981401572, 129.57798313539635, 134.14088863326566, 137.417446945385, 126.39982616003824, 128.59678991370632, 131.2906825845804, 131.8069835677516]
}

Running: 5909ms
solution objective : {
	value : 117537.40884734248,
	variance_total : 0.0,
	distance_total : 25037.408847342485,
	familiarity_total : 185,
	customer_totals : [51.52495254574276, 52.55635095489439, 49.39998373242761, 51.1437687030776, 49.66087113753228, 50.88655677315003, 49.60931057968935, 49.252483961089204, 51.64704092434271, 50.49464075334756],
	demand_totals : [138.99709605957221, 134.0303649378406, 133.14478414218073, 129.57798313539635, 134.14088863326566, 137.80726094336146, 126.39982616003824, 128.59678991370632, 131.2906825845804, 131.80698356775156]
}

Running: 71301ms
solution objective : {
	value : 117440.81826293182,
	variance_total : 0.0,
	distance_total : 24940.818262931814,
	familiarity_total : 185,
	customer_totals : [51.52495254574276, 52.55635095489439, 48.11569443410828, 51.1437687030776, 49.66087113753228, 52.170846071469356, 49.60931057968935, 49.252483961089204, 51.64704092434271, 50.49464075334756],
	demand_totals : [138.99709605957221, 134.0303649378406, 131.85051538932578, 129.57798313539635, 134.14088863326566, 139.10152969621637, 126.39982616003824, 128.59678991370632, 131.2906825845804, 131.8069835677516]
}

Running: 7158ms
solution objective : {
	value : 117436.10304558664,
	variance_total : 0.0,
	distance_total : 24936.103045586642,
	familiarity_total : 185,
	customer_totals : [51.52495254574276, 52.55635095489439, 48.11569443410828, 51.1437687030776, 49.66087113753228, 52.170846071469356, 49.60931057968935, 49.252483961089204, 50.73285312134127, 51.408828556349],
	demand_totals : [138.99709605957221, 134.0303649378406, 131.85051538932578, 129.57798313539635, 134.14088863326566, 139.10152969621637, 126.39982616003824, 128.59678991370632, 135.71612308090818, 127.38154307142382]
}

Running: 69673ms
solution objective : {
	value : 117420.90166227132,
	variance_total : 0.0,
	distance_total : 24920.90166227132,
	familiarity_total : 185,
	customer_totals : [51.52495254574276, 52.1156459271181, 48.391801934332626, 51.1437687030776, 49.82546866508423, 52.170846071469356, 49.60931057968935, 49.252483961089204, 50.73285312134127, 51.408828556349],
	demand_totals : [138.99709605957221, 138.7686723785555, 126.64922540762232, 129.57798313539635, 134.6038711742542, 139.10152969621637, 126.39982616003824, 128.59678991370632, 135.71612308090818, 127.38154307142382]
}

Running: 132522ms
solution objective : {
	value : 117415.06544253908,
	variance_total : 0.0,
	distance_total : 24915.065442539082,
	familiarity_total : 185,
	customer_totals : [51.52495254574276, 52.1156459271181, 48.391801934332626, 49.940662636576555, 49.82546866508423, 52.170846071469356, 49.415161184763704, 50.649739422515886, 50.73285312134127, 51.408828556349],
	demand_totals : [138.99709605957221, 138.7686723785555, 126.64922540762232, 129.47690005621152, 134.6038711742542, 139.10152969621637, 128.14540551514673, 126.95229363778265, 135.71612308090818, 127.38154307142382]
}

Running: 131771ms
solution objective : {
	value : 117397.54205480726,
	variance_total : 0.0,
	distance_total : 24897.542054807258,
	familiarity_total : 185,
	customer_totals : [51.52495254574276, 52.1156459271181, 49.61650281023159, 49.940662636576555, 49.82546866508423, 52.170846071469356, 48.19046030886474, 50.649739422515886, 50.73285312134127, 51.408828556349],
	demand_totals : [138.99709605957221, 138.7686723785555, 128.5109765869636, 129.47690005621152, 134.6038711742542, 139.10152969621637, 126.28365433580544, 126.95229363778265, 135.71612308090818, 127.38154307142382]
}

Running: 8423ms
solution objective : {
	value : 117321.99233776574,
	variance_total : 0.0,
	distance_total : 24821.992337765743,
	familiarity_total : 185,
	customer_totals : [51.52495254574276, 52.1156459271181, 49.61650281023159, 49.940662636576555, 49.82546866508423, 52.170846071469356, 48.19046030886474, 50.649739422515886, 49.523386398701, 52.61829527898927],
	demand_totals : [138.99709605957221, 138.7686723785555, 128.5109765869636, 129.47690005621152, 134.6038711742542, 139.10152969621637, 126.28365433580544, 126.95229363778265, 135.590518907754, 127.50714724457802]
}

Running: 262614ms
solution objective : {
	value : 117259.6861586858,
	variance_total : 0.0,
	distance_total : 24759.686158685807,
	familiarity_total : 185,
	customer_totals : [51.52495254574276, 52.1156459271181, 49.61650281023159, 49.940662636576555, 51.84857806418931, 50.147736672364275, 48.19046030886474, 50.649739422515886, 49.523386398701, 52.61829527898927],
	demand_totals : [138.99709605957221, 138.7686723785555, 128.5109765869636, 129.47690005621152, 138.83726688541455, 134.86813398505598, 126.28365433580544, 126.95229363778265, 135.590518907754, 127.50714724457802]
}

Running: 4671ms
solution objective : {
	value : 117207.97006390261,
	variance_total : 0.0,
	distance_total : 24707.970063902616,
	familiarity_total : 185,
	customer_totals : [48.57287978818024, 51.843227415822476, 52.84099407908974, 49.940662636576555, 51.84857806418931, 50.147736672364275, 48.19046030886474, 50.649739422515886, 49.523386398701, 52.61829527898927],
	demand_totals : [137.00190918844336, 138.40354700620884, 130.8712888304391, 129.47690005621152, 138.83726688541455, 134.86813398505598, 126.28365433580544, 126.95229363778265, 135.590518907754, 127.50714724457802]
}

Running: 37198ms
solution objective : {
	value : 117205.30286686754,
	variance_total : 0.0,
	distance_total : 24705.302866867536,
	familiarity_total : 185,
	customer_totals : [48.57287978818024, 51.843227415822476, 52.84099407908974, 52.44846190260553, 50.244974037057254, 49.243541433467364, 48.19046030886474, 50.649739422515886, 49.523386398701, 52.61829527898927],
	demand_totals : [137.00190918844336, 138.40354700620884, 130.8712888304391, 133.0847257222669, 138.0290352199336, 132.06853998448156, 126.28365433580544, 126.95229363778265, 135.590518907754, 127.50714724457802]
}

Running: 41135ms
solution objective : {
	value : 117197.99955976731,
	variance_total : 0.0,
	distance_total : 24697.999559767304,
	familiarity_total : 185,
	customer_totals : [48.57287978818024, 51.843227415822476, 52.84099407908974, 51.04189710019712, 50.244974037057254, 49.243541433467364, 48.19046030886474, 50.649739422515886, 50.92995120110941, 52.61829527898927],
	demand_totals : [137.00190918844336, 138.40354700620884, 130.8712888304391, 136.82834175910273, 138.0290352199336, 132.06853998448156, 126.28365433580544, 126.95229363778265, 131.84690287091814, 127.50714724457802]
}

Running: 3446ms
solution objective : {
	value : 117114.26525036195,
	variance_total : 0.0,
	distance_total : 24614.265250361943,
	familiarity_total : 185,
	customer_totals : [48.57287978818024, 51.843227415822476, 52.84099407908974, 50.49318712218631, 50.244974037057254, 49.243541433467364, 48.739170286875556, 50.649739422515886, 50.92995120110941, 52.61829527898927],
	demand_totals : [137.00190918844336, 138.40354700620884, 130.8712888304391, 127.49784075401442, 138.0290352199336, 132.06853998448156, 135.61415534089375, 126.95229363778265, 131.84690287091814, 127.50714724457802]
}

Running: 3005ms
solution objective : {
	value : 117110.44110610076,
	variance_total : 0.0,
	distance_total : 24610.44110610076,
	familiarity_total : 185,
	customer_totals : [48.57287978818024, 51.843227415822476, 52.84099407908974, 50.49318712218631, 49.084270399201934, 50.40424507132268, 48.739170286875556, 50.649739422515886, 50.92995120110941, 52.61829527898927],
	demand_totals : [137.00190918844336, 138.40354700620884, 130.8712888304391, 127.49784075401442, 132.40104892408687, 137.69652628032833, 135.61415534089375, 126.95229363778265, 131.84690287091814, 127.50714724457802]
}

Running: 132593ms
solution objective : {
	value : 117107.92268312702,
	variance_total : 0.0,
	distance_total : 24607.922683127013,
	familiarity_total : 185,
	customer_totals : [48.57287978818024, 51.843227415822476, 51.15267091102379, 50.49318712218631, 50.77259356726788, 50.40424507132268, 48.739170286875556, 50.649739422515886, 50.92995120110941, 52.61829527898927],
	demand_totals : [137.00190918844336, 138.40354700620884, 126.84644163711758, 127.49784075401442, 136.4258961174084, 137.69652628032833, 135.61415534089375, 126.95229363778265, 131.84690287091814, 127.50714724457802]
}

Running: 5577ms
solution objective : {
	value : 117085.85737524461,
	variance_total : 0.0,
	distance_total : 24585.857375244606,
	familiarity_total : 185,
	customer_totals : [48.57287978818024, 50.797873543147794, 52.198024783698465, 50.49318712218631, 50.77259356726788, 50.40424507132268, 48.739170286875556, 50.649739422515886, 50.92995120110941, 52.61829527898927],
	demand_totals : [137.00190918844336, 131.7499682343265, 133.50002040899992, 127.49784075401442, 136.4258961174084, 137.69652628032833, 135.61415534089375, 126.95229363778265, 131.84690287091814, 127.50714724457802]
}

Running: 5808ms
solution objective : {
	value : 117081.33070238486,
	variance_total : 0.0,
	distance_total : 24581.33070238486,
	familiarity_total : 185,
	customer_totals : [48.57287978818024, 52.65079423876569, 52.198024783698465, 50.49318712218631, 48.919672871649986, 50.40424507132268, 48.739170286875556, 50.649739422515886, 50.92995120110941, 52.61829527898927],
	demand_totals : [137.00190918844336, 136.2377979686366, 133.50002040899992, 127.49784075401442, 131.93806638309832, 137.69652628032833, 135.61415534089375, 126.95229363778265, 131.84690287091814, 127.50714724457802]
}

Running: 5936ms
solution objective : {
	value : 117035.78849017217,
	variance_total : 0.0,
	distance_total : 24535.788490172166,
	familiarity_total : 185,
	customer_totals : [48.57287978818024, 52.65079423876569, 49.61650281023159, 50.49318712218631, 51.50119484511686, 50.40424507132268, 48.739170286875556, 50.649739422515886, 50.92995120110941, 52.61829527898927],
	demand_totals : [137.00190918844336, 136.2377979686366, 128.5109765869636, 127.49784075401442, 136.9271102051346, 137.69652628032833, 135.61415534089375, 126.95229363778265, 131.84690287091814, 127.50714724457802]
}

Running: 263173ms
solution objective : {
	value : 117023.58895964874,
	variance_total : 0.0,
	distance_total : 24523.588959648747,
	familiarity_total : 185,
	customer_totals : [48.57287978818024, 52.65079423876569, 49.61650281023159, 51.84382724450569, 50.15055472279748, 50.40424507132268, 48.739170286875556, 50.649739422515886, 50.92995120110941, 52.61829527898927],
	demand_totals : [137.00190918844336, 136.2377979686366, 128.5109765869636, 131.2780424600477, 133.14690849910133, 137.69652628032833, 135.61415534089375, 126.95229363778265, 131.84690287091814, 127.50714724457802]
}

Running: 131924ms
solution objective : {
	value : 117018.92456023015,
	variance_total : 0.0,
	distance_total : 24518.924560230156,
	familiarity_total : 185,
	customer_totals : [48.57287978818024, 50.797873543147794, 49.61650281023159, 51.84382724450569, 52.00347541841538, 50.40424507132268, 48.739170286875556, 50.649739422515886, 50.92995120110941, 52.61829527898927],
	demand_totals : [137.00190918844336, 131.7499682343265, 128.5109765869636, 131.2780424600477, 137.63473823341144, 137.69652628032833, 135.61415534089375, 126.95229363778265, 131.84690287091814, 127.50714724457802]
}

Running: 6804ms
solution objective : {
	value : 116894.49285093794,
	variance_total : 0.0,
	distance_total : 24394.49285093793,
	familiarity_total : 185,
	customer_totals : [48.87178911019637, 50.09738115676654, 49.73185257541223, 51.84382724450569, 52.00347541841538, 50.690478370507165, 48.739170286875556, 50.649739422515886, 50.92995120110941, 52.61829527898927],
	demand_totals : [133.43901857278138, 135.33502103477943, 127.48538411092802, 131.2780424600477, 137.63473823341144, 138.69995657157298, 135.61415534089375, 126.95229363778265, 131.84690287091814, 127.50714724457802]
}

Running: 340275ms
solution objective : {
	value : 116866.81644494705,
	variance_total : 0.0,
	distance_total : 24366.816444947046,
	familiarity_total : 185,
	customer_totals : [48.87178911019637, 53.04394423570442, 49.73185257541223, 51.84382724450569, 49.05691233947749, 50.690478370507165, 48.739170286875556, 50.649739422515886, 50.92995120110941, 52.61829527898927],
	demand_totals : [133.43901857278138, 133.8520379706632, 127.48538411092802, 131.2780424600477, 139.11772129752765, 138.69995657157298, 135.61415534089375, 126.95229363778265, 131.84690287091814, 127.50714724457802]
}

Running: 2950ms
solution objective : {
	value : 116848.85187581117,
	variance_total : 0.0,
	distance_total : 24348.851875811182,
	familiarity_total : 185,
	customer_totals : [48.999386501850346, 52.916346844050445, 49.73185257541223, 51.84382724450569, 49.05691233947749, 50.690478370507165, 48.739170286875556, 50.649739422515886, 50.92995120110941, 52.61829527898927],
	demand_totals : [131.91159016581858, 135.379466377626, 127.48538411092802, 131.2780424600477, 139.11772129752765, 138.69995657157298, 135.61415534089375, 126.95229363778265, 131.84690287091814, 127.50714724457802]
}

Running: 2969ms
solution objective : {
	value : 116847.9385757882,
	variance_total : 0.0,
	distance_total : 24347.938575788194,
	familiarity_total : 185,
	customer_totals : [48.999386501850346, 52.916346844050445, 52.27965622691369, 51.84382724450569, 49.05691233947749, 48.14267471900571, 48.739170286875556, 50.649739422515886, 50.92995120110941, 52.61829527898927],
	demand_totals : [131.91159016581858, 135.379466377626, 133.45954932818523, 131.2780424600477, 139.11772129752765, 132.72579135431576, 135.61415534089375, 126.95229363778265, 131.84690287091814, 127.50714724457802]
}

Running: 3007ms
solution : {
	objective : {
		value : 116847.9385757882,
		variance : 0.0,
		familiarity : 185,
		distance : 24347.938575788194,
	},
	vehicles : [
		{
			vehicle_id : 0,
			clusters : [
				{
					cluster_id : 0,
					center_id : 187,
					node_ids : [96, 161, 35, 133, 167, 40, 171, 76, 173, 114, 179, 117, 184, 88, 90, 187, 28, 189, 31]
				}
			]
		}
		{
			vehicle_id : 1,
			clusters : [
				{
					cluster_id : 1,
					center_id : 66,
					node_ids : [64, 65, 2, 66, 100, 166, 135, 107, 11, 12, 80, 55, 121, 57, 122, 154, 59, 92, 62, 158]
				}
			]
		}
		{
			vehicle_id : 2,
			clusters : [
				{
					cluster_id : 2,
					center_id : 159,
					node_ids : [131, 164, 170, 172, 45, 78, 48, 17, 81, 177, 178, 52, 149, 181, 119, 91, 155, 124, 60, 190, 159]
				}
			]
		}
		{
			vehicle_id : 3,
			clusters : [
				{
					cluster_id : 3,
					center_id : 157,
					node_ids : [0, 97, 33, 34, 130, 98, 195, 4, 132, 165, 134, 136, 141, 142, 82, 19, 21, 120, 25, 157, 95]
				}
			]
		}
		{
			vehicle_id : 4,
			clusters : [
				{
					cluster_id : 4,
					center_id : 111,
					node_ids : [193, 198, 72, 105, 106, 108, 140, 44, 46, 111, 83, 51, 20, 22, 151, 152, 153, 61, 191]
				}
			]
		}
		{
			vehicle_id : 5,
			clusters : [
				{
					cluster_id : 5,
					center_id : 69,
					node_ids : [194, 196, 69, 197, 38, 39, 169, 41, 13, 109, 143, 175, 116, 86, 182, 27, 93, 125, 94, 126, 127, 63]
				}
			]
		}
		{
			vehicle_id : 6,
			clusters : [
				{
					cluster_id : 6,
					center_id : 180,
					node_ids : [192, 67, 37, 101, 103, 199, 8, 104, 73, 75, 139, 174, 47, 18, 180, 87, 24, 185, 58]
				}
			]
		}
		{
			vehicle_id : 7,
			clusters : [
				{
					cluster_id : 7,
					center_id : 23,
					node_ids : [1, 162, 36, 5, 168, 9, 74, 110, 14, 79, 15, 176, 16, 113, 50, 118, 23, 123, 29]
				}
			]
		}
		{
			vehicle_id : 8,
			clusters : [
				{
					cluster_id : 8,
					center_id : 137,
					node_ids : [129, 99, 163, 7, 71, 137, 138, 10, 42, 77, 144, 145, 115, 150, 54, 56, 186, 26, 188, 156, 30]
				}
			]
		}
		{
			vehicle_id : 9,
			clusters : [
				{
					cluster_id : 9,
					center_id : 128,
					node_ids : [32, 160, 128, 3, 68, 6, 70, 102, 43, 112, 49, 146, 147, 148, 84, 53, 85, 183, 89]
				}
			]
		}
	]
}

Time: 3595904ms
