solution : {
	objective : {
		value : 0.0
		variance : 0.0
		familiarity : 0
		distance : 0.0
	}
	vehicles : [
		{
			vehicle_id : 0
			clusters : [
				{
					cluster_id : 0
					node_ids : []
				}
			]
		}
		{
			vehicle_id : 1
			clusters : [
				{
					cluster_id : 1
					node_ids : []
				}
			]
		}
		{
			vehicle_id : 2
			clusters : [
				{
					cluster_id : 2
					node_ids : []
				}
			]
		}
		{
			vehicle_id : 3
			clusters : [
				{
					cluster_id : 3
					node_ids : []
				}
			]
		}
		{
			vehicle_id : 4
			clusters : [
				{
					cluster_id : 4
					node_ids : []
				}
			]
		}
		{
			vehicle_id : 5
			clusters : [
				{
					cluster_id : 5
					node_ids : []
				}
			]
		}
		{
			vehicle_id : 6
			clusters : [
				{
					cluster_id : 6
					node_ids : []
				}
			]
		}
		{
			vehicle_id : 7
			clusters : [
				{
					cluster_id : 7
					node_ids : []
				}
			]
		}
		{
			vehicle_id : 8
			clusters : [
				{
					cluster_id : 8
					node_ids : []
				}
			]
		}
		{
			vehicle_id : 9
			clusters : [
				{
					cluster_id : 9
					node_ids : []
				}
			]
		}
		{
			vehicle_id : 10
			clusters : [
				{
					cluster_id : 10
					node_ids : []
				}
			]
		}
		{
			vehicle_id : 11
			clusters : [
				{
					cluster_id : 11
					node_ids : []
				}
			]
		}
		{
			vehicle_id : 12
			clusters : [
				{
					cluster_id : 12
					node_ids : []
				}
			]
		}
		{
			vehicle_id : 13
			clusters : [
				{
					cluster_id : 13
					node_ids : []
				}
			]
		}
		{
			vehicle_id : 14
			clusters : [
				{
					cluster_id : 14
					node_ids : []
				}
			]
		}
		{
			vehicle_id : 15
			clusters : [
				{
					cluster_id : 15
					node_ids : []
				}
			]
		}
		{
			vehicle_id : 16
			clusters : [
				{
					cluster_id : 16
					node_ids : []
				}
			]
		}
		{
			vehicle_id : 17
			clusters : [
				{
					cluster_id : 17
					node_ids : []
				}
			]
		}
		{
			vehicle_id : 18
			clusters : [
				{
					cluster_id : 18
					node_ids : []
				}
			]
		}
		{
			vehicle_id : 19
			clusters : [
				{
					cluster_id : 19
					node_ids : []
				}
			]
		}
		{
			vehicle_id : 20
			clusters : [
				{
					cluster_id : 20
					node_ids : []
				}
			]
		}
		{
			vehicle_id : 21
			clusters : [
				{
					cluster_id : 21
					node_ids : []
				}
			]
		}
		{
			vehicle_id : 22
			clusters : [
				{
					cluster_id : 22
					node_ids : []
				}
			]
		}
		{
			vehicle_id : 23
			clusters : [
				{
					cluster_id : 23
					node_ids : []
				}
			]
		}
		{
			vehicle_id : 24
			clusters : [
				{
					cluster_id : 24
					node_ids : []
				}
			]
		}
		{
			vehicle_id : 25
			clusters : [
				{
					cluster_id : 25
					node_ids : []
				}
			]
		}
		{
			vehicle_id : 26
			clusters : [
				{
					cluster_id : 26
					node_ids : []
				}
			]
		}
		{
			vehicle_id : 27
			clusters : [
				{
					cluster_id : 27
					node_ids : []
				}
			]
		}
		{
			vehicle_id : 28
			clusters : [
				{
					cluster_id : 28
					node_ids : []
				}
			]
		}
		{
			vehicle_id : 29
			clusters : [
				{
					cluster_id : 29
					node_ids : []
				}
			]
		}
		{
			vehicle_id : 30
			clusters : [
				{
					cluster_id : 30
					node_ids : []
				}
			]
		}
		{
			vehicle_id : 31
			clusters : [
				{
					cluster_id : 31
					node_ids : []
				}
			]
		}
		{
			vehicle_id : 32
			clusters : [
				{
					cluster_id : 32
					node_ids : []
				}
			]
		}
		{
			vehicle_id : 33
			clusters : [
				{
					cluster_id : 33
					node_ids : []
				}
			]
		}
		{
			vehicle_id : 34
			clusters : [
				{
					cluster_id : 34
					node_ids : []
				}
			]
		}
		{
			vehicle_id : 35
			clusters : [
				{
					cluster_id : 35
					node_ids : []
				}
			]
		}
		{
			vehicle_id : 36
			clusters : [
				{
					cluster_id : 36
					node_ids : []
				}
			]
		}
		{
			vehicle_id : 37
			clusters : [
				{
					cluster_id : 37
					node_ids : []
				}
			]
		}
		{
			vehicle_id : 38
			clusters : [
				{
					cluster_id : 38
					node_ids : []
				}
			]
		}
		{
			vehicle_id : 39
			clusters : [
				{
					cluster_id : 39
					node_ids : []
				}
			]
		}
		{
			vehicle_id : 40
			clusters : [
				{
					cluster_id : 40
					node_ids : []
				}
			]
		}
		{
			vehicle_id : 41
			clusters : [
				{
					cluster_id : 41
					node_ids : []
				}
			]
		}
		{
			vehicle_id : 42
			clusters : [
				{
					cluster_id : 42
					node_ids : []
				}
			]
		}
		{
			vehicle_id : 43
			clusters : [
				{
					cluster_id : 43
					node_ids : []
				}
			]
		}
		{
			vehicle_id : 44
			clusters : [
				{
					cluster_id : 44
					node_ids : []
				}
			]
		}
		{
			vehicle_id : 45
			clusters : [
				{
					cluster_id : 45
					node_ids : []
				}
			]
		}
		{
			vehicle_id : 46
			clusters : [
				{
					cluster_id : 46
					node_ids : []
				}
			]
		}
		{
			vehicle_id : 47
			clusters : [
				{
					cluster_id : 47
					node_ids : []
				}
			]
		}
		{
			vehicle_id : 48
			clusters : [
				{
					cluster_id : 48
					node_ids : []
				}
			]
		}
		{
			vehicle_id : 49
			clusters : [
				{
					cluster_id : 49
					node_ids : []
				}
			]
		}
	]
}

